<?xml version="1.0" encoding="UTF-8"?>
<testng-results ignored="0" total="6" passed="6" failed="0" skipped="0">
  <reporter-output>
  </reporter-output>
  <suite started-at="2023-07-22T09:47:52 IST" name="Suite" finished-at="2023-07-22T09:48:09 IST" duration-ms="17008">
    <groups>
    </groups>
    <test started-at="2023-07-22T09:47:52 IST" name="Test" finished-at="2023-07-22T09:48:09 IST" duration-ms="17008">
      <class name="TestLayer.LoginSuccessPageTest">
        <test-method signature="validateLoginSuccessPage()[pri:0, instance:TestLayer.LoginSuccessPageTest@5e600dd5]" started-at="2023-07-22T09:48:09 IST" name="validateLoginSuccessPage" finished-at="2023-07-22T09:48:09 IST" duration-ms="41" status="PASS">
          <reporter-output>
          </reporter-output>
        </test-method> <!-- validateLoginSuccessPage -->
      </class> <!-- TestLayer.LoginSuccessPageTest -->
      <class name="TestLayer.LoginPageTest">
        <test-method signature="validateLoginPageUrl()[pri:2, instance:TestLayer.LoginPageTest@130c12b7]" started-at="2023-07-22T09:48:00 IST" name="validateLoginPageUrl" finished-at="2023-07-22T09:48:07 IST" duration-ms="7040" status="PASS">
          <reporter-output>
          </reporter-output>
        </test-method> <!-- validateLoginPageUrl -->
        <test-method signature="validateLoginpageFunctionality()[pri:3, instance:TestLayer.LoginPageTest@130c12b7]" started-at="2023-07-22T09:48:07 IST" name="validateLoginpageFunctionality" finished-at="2023-07-22T09:48:09 IST" duration-ms="1349" status="PASS">
          <reporter-output>
          </reporter-output>
        </test-method> <!-- validateLoginpageFunctionality -->
      </class> <!-- TestLayer.LoginPageTest -->
      <class name="TestLayer.RegisterPageTest">
        <test-method is-config="true" signature="setUp()[pri:0, instance:TestLayer.RegisterPageTest@272113c4]" started-at="2023-07-22T09:47:52 IST" name="setUp" finished-at="2023-07-22T09:47:57 IST" duration-ms="5033" status="PASS">
          <reporter-output>
          </reporter-output>
        </test-method> <!-- setUp -->
        <test-method signature="validateRegisterPageFunctionality()[pri:0, instance:TestLayer.RegisterPageTest@272113c4]" started-at="2023-07-22T09:47:57 IST" name="validateRegisterPageFunctionality" finished-at="2023-07-22T09:47:59 IST" duration-ms="1992" status="PASS">
          <reporter-output>
          </reporter-output>
        </test-method> <!-- validateRegisterPageFunctionality -->
        <test-method is-config="true" signature="tearDown()[pri:0, instance:TestLayer.RegisterPageTest@272113c4]" started-at="2023-07-22T09:48:09 IST" name="tearDown" finished-at="2023-07-22T09:48:09 IST" duration-ms="0" status="PASS">
          <reporter-output>
          </reporter-output>
        </test-method> <!-- tearDown -->
      </class> <!-- TestLayer.RegisterPageTest -->
      <class name="TestLayer.RegisterSuccessPageTest">
        <test-method signature="validateSuccessPageUrl()[pri:1, instance:TestLayer.RegisterSuccessPageTest@5a45133e]" started-at="2023-07-22T09:47:59 IST" name="validateSuccessPageUrl" finished-at="2023-07-22T09:47:59 IST" duration-ms="24" status="PASS">
          <reporter-output>
          </reporter-output>
        </test-method> <!-- validateSuccessPageUrl -->
        <test-method signature="clickOntheSignUpLinkInSuccessPage()[pri:2, instance:TestLayer.RegisterSuccessPageTest@5a45133e]" started-at="2023-07-22T09:47:59 IST" name="clickOntheSignUpLinkInSuccessPage" finished-at="2023-07-22T09:48:00 IST" duration-ms="663" status="PASS">
          <reporter-output>
          </reporter-output>
        </test-method> <!-- clickOntheSignUpLinkInSuccessPage -->
      </class> <!-- TestLayer.RegisterSuccessPageTest -->
    </test> <!-- Test -->
  </suite> <!-- Suite -->
</testng-results>
