<?xml version="1.0" encoding="UTF-8"?>
<!-- Generated by org.testng.reporters.JUnitXMLReporter -->
<testsuite ignored="0" hostname="LAPTOP-O0AVIUJF" failures="0" tests="6" name="Test" time="17.008" errors="0" timestamp="2023-07-22T09:48:09 IST">
  <testcase classname="TestLayer.RegisterPageTest" name="validateRegisterPageFunctionality" time="1.992"/>
  <testcase classname="TestLayer.RegisterSuccessPageTest" name="validateSuccessPageUrl" time="0.024"/>
  <testcase classname="TestLayer.RegisterSuccessPageTest" name="clickOntheSignUpLinkInSuccessPage" time="0.663"/>
  <testcase classname="TestLayer.LoginPageTest" name="validateLoginPageUrl" time="7.04"/>
  <testcase classname="TestLayer.LoginPageTest" name="validateLoginpageFunctionality" time="1.349"/>
  <testcase classname="TestLayer.LoginSuccessPageTest" name="validateLoginSuccessPage" time="0.041"/>
</testsuite> <!-- Test -->
